<?xml version="1.0" encoding="UTF-8"?>
<!-- Generated by org.testng.reporters.JUnitXMLReporter -->
<testsuite ignored="0" hostname="SUD" failures="0" tests="4" name="Default test" time="6.906" errors="0" timestamp="2025-06-30T18:16:49 IST">
  <testcase classname="demo.EcommerceAPITest" name="login" time="4.433"/>
  <testcase classname="demo.EcommerceAPITest" name="addProduct" time="1.886"/>
  <testcase classname="demo.EcommerceAPITest" name="placeOrder" time="0.178"/>
  <testcase classname="demo.EcommerceAPITest" name="deleteProduct" time="0.31"/>
</testsuite> <!-- Default test -->
