<?xml version="1.0" encoding="UTF-8"?>
<testng-results ignored="0" total="4" passed="4" failed="0" skipped="0">
  <reporter-output>
  </reporter-output>
  <suite started-at="2025-06-30T18:16:42 IST" name="Default suite" finished-at="2025-06-30T18:16:49 IST" duration-ms="6906">
    <groups>
    </groups>
    <test started-at="2025-06-30T18:16:42 IST" name="Default test" finished-at="2025-06-30T18:16:49 IST" duration-ms="6906">
      <class name="demo.EcommerceAPITest">
        <test-method signature="login()[pri:1, instance:demo.EcommerceAPITest@408d971b]" started-at="2025-06-30T18:16:42 IST" name="login" finished-at="2025-06-30T18:16:47 IST" duration-ms="4433" status="PASS">
          <reporter-output>
          </reporter-output>
        </test-method> <!-- login -->
        <test-method signature="addProduct()[pri:2, instance:demo.EcommerceAPITest@408d971b]" started-at="2025-06-30T18:16:47 IST" name="addProduct" finished-at="2025-06-30T18:16:49 IST" duration-ms="1886" status="PASS">
          <reporter-output>
          </reporter-output>
        </test-method> <!-- addProduct -->
        <test-method signature="placeOrder()[pri:3, instance:demo.EcommerceAPITest@408d971b]" started-at="2025-06-30T18:16:49 IST" name="placeOrder" finished-at="2025-06-30T18:16:49 IST" duration-ms="178" status="PASS">
          <reporter-output>
          </reporter-output>
        </test-method> <!-- placeOrder -->
        <test-method signature="deleteProduct()[pri:4, instance:demo.EcommerceAPITest@408d971b]" started-at="2025-06-30T18:16:49 IST" name="deleteProduct" finished-at="2025-06-30T18:16:49 IST" duration-ms="310" status="PASS">
          <reporter-output>
          </reporter-output>
        </test-method> <!-- deleteProduct -->
      </class> <!-- demo.EcommerceAPITest -->
    </test> <!-- Default test -->
  </suite> <!-- Default suite -->
</testng-results>
