<?xml version="1.0" encoding="UTF-8"?>
<testng-results ignored="0" total="3" passed="3" failed="0" skipped="0">
  <reporter-output>
  </reporter-output>
  <suite started-at="2025-06-24T17:17:04 IST" name="Default suite" finished-at="2025-06-24T17:17:09 IST" duration-ms="5595">
    <groups>
    </groups>
    <test started-at="2025-06-24T17:17:04 IST" name="Default test" finished-at="2025-06-24T17:17:09 IST" duration-ms="5595">
      <class name="files.DynamicJson">
        <test-method signature="addBook(java.lang.String,java.lang.String)[pri:0, instance:files.DynamicJson@4c402120]" started-at="2025-06-24T17:17:04 IST" name="addBook" data-provider="BooksData" finished-at="2025-06-24T17:17:09 IST" duration-ms="4955" status="PASS">
          <params>
            <param index="0">
              <value>
                <![CDATA[isbn5123]]>
              </value>
            </param>
            <param index="1">
              <value>
                <![CDATA[aisle5123]]>
              </value>
            </param>
          </params>
          <reporter-output>
          </reporter-output>
        </test-method> <!-- addBook -->
        <test-method signature="addBook(java.lang.String,java.lang.String)[pri:0, instance:files.DynamicJson@4c402120]" started-at="2025-06-24T17:17:09 IST" name="addBook" data-provider="BooksData" finished-at="2025-06-24T17:17:09 IST" duration-ms="318" status="PASS">
          <params>
            <param index="0">
              <value>
                <![CDATA[isbn53]]>
              </value>
            </param>
            <param index="1">
              <value>
                <![CDATA[aisle53]]>
              </value>
            </param>
          </params>
          <reporter-output>
          </reporter-output>
        </test-method> <!-- addBook -->
        <test-method signature="addBook(java.lang.String,java.lang.String)[pri:0, instance:files.DynamicJson@4c402120]" started-at="2025-06-24T17:17:09 IST" name="addBook" data-provider="BooksData" finished-at="2025-06-24T17:17:09 IST" duration-ms="205" status="PASS">
          <params>
            <param index="0">
              <value>
                <![CDATA[isbn45]]>
              </value>
            </param>
            <param index="1">
              <value>
                <![CDATA[aisle45]]>
              </value>
            </param>
          </params>
          <reporter-output>
          </reporter-output>
        </test-method> <!-- addBook -->
      </class> <!-- files.DynamicJson -->
    </test> <!-- Default test -->
  </suite> <!-- Default suite -->
</testng-results>
